2025-11-23 19:31:40.047 KST [59700] α:  PostgreSQL 15.7, compiled by Visual C++ build 1938, 64-bit  մϴ.
2025-11-23 19:31:40.057 KST [59700] α:  IPv6, ּ: "::", Ʈ 5432   մϴ
2025-11-23 19:31:40.057 KST [59700] α:  IPv4, ּ: "0.0.0.0", Ʈ 5432   մϴ
2025-11-23 19:31:40.453 KST [61380] α:  ͺ̽ ý    ð: 2025-11-23 19:30:38 KST
2025-11-23 19:31:40.562 KST [59700] α:   ͺ̽    ֽϴ
2025-11-23 19:36:40.523 KST [60224] α:  üũƮ : time
2025-11-23 19:36:41.637 KST [60224] α:  äũƮ ۾Ϸ: 5(0.0%)  ; 0 WAL  ߰, 0 , 0 Ȱ; ð: 0.227 s, ȭð: 0.095 s, üð: 1.117 s; ȭ  : 4, ð: 0.029 s, սð: 0.024 s; ۾: 0 kB, ۾: 0 kB
2025-11-23 21:26:40.832 KST [60224] α:  üũƮ : time
2025-11-23 21:26:44.129 KST [60224] α:  äũƮ ۾Ϸ: 21(0.1%)  ; 0 WAL  ߰, 0 , 0 Ȱ; ð: 2.407 s, ȭð: 0.219 s, üð: 3.300 s; ȭ  : 8, ð: 0.039 s, սð: 0.028 s; ۾: 37 kB, ۾: 37 kB
2025-11-23 22:50:47.076 KST [44444] 오류:  "korean" 전문 검색 구성이 없음 98 번째 문자 부근
2025-11-23 22:50:47.076 KST [44444] 명령 구문:  
	        CREATE INDEX idx_contracts_search 
	        ON contracts 
	        USING GIN (to_tsvector('korean', 
	            COALESCE(contract_number, '') || ' ' || 
	            COALESCE(customer_name, '')
	        ))
	    
2025-11-23 22:51:17.719 KST [15520] 오류:  "privacy_access_logs" 이름의 릴레이션(relation)이 없습니다
2025-11-23 22:51:17.719 KST [15520] 명령 구문:  ALTER TABLE privacy_access_logs ADD COLUMN qr_code_url VARCHAR(500)
2025-11-23 22:51:40.300 KST [60224] α:  üũƮ : time
2025-11-23 22:51:47.021 KST [60224] α:  äũƮ ۾Ϸ: 46(0.3%)  ; 0 WAL  ߰, 0 , 0 Ȱ; ð: 4.824 s, ȭð: 1.570 s, üð: 6.723 s; ȭ  : 55, ð: 0.344 s, սð: 0.029 s; ۾: 220 kB, ۾: 220 kB
