2025-11-23 01:22:02.309 KST [65780] 로그:  데이터베이스 시스템 마지막 가동 중지 시각: 2025-11-23 01:21:57 KST
2025-11-23 01:23:56.136 KST [66352] 치명적오류:  사용자 "dan"의 password 인증을 실패했습니다
2025-11-23 01:23:56.136 KST [66352] 상세정보:  "dan" 롤 없음
	pg_hba.conf 파일의 89번째 줄에 지정한 인증 설정이 사용됨: "host    all             all             ::1/128                 scram-sha-256"
2025-11-23 01:24:43.848 KST [58528] 로그:  "癤" 값은 잘못된 연결 형식입니다
2025-11-23 01:24:43.848 KST [58528] 내용:  1번째 줄("D:/hedgepro/dan5522/data/pg_hba.conf" 환경 설정 파일)
2025-11-23 01:24:43.849 KST [58528] 치명적오류:  pg_hba.conf를 로드할 수 없음
2025-11-23 01:25:34.376 KST [64600] 치명적오류:  사용자 "dan"의 password 인증을 실패했습니다
2025-11-23 01:25:34.376 KST [64600] 상세정보:  "dan" 롤 없음
	pg_hba.conf 파일의 89번째 줄에 지정한 인증 설정이 사용됨: "host    all             all             ::1/128                 scram-sha-256"
2025-11-23 01:26:05.871 KST [61900] 치명적오류:  사용자 "postgres"의 password 인증을 실패했습니다
2025-11-23 01:26:05.871 KST [61900] 상세정보:  pg_hba.conf 파일의 89번째 줄에 지정한 인증 설정이 사용됨: "host    all             all             ::1/128                 scram-sha-256"
2025-11-23 01:27:02.292 KST [66240] 로그:  체크포인트 시작: time
2025-11-23 01:27:02.444 KST [66240] 로그:  채크포인트 작업완료: 3개(0.0%) 버퍼 씀; 0개 WAL 파일 추가됨, 0개 지웠음, 0개 재활용; 쓰기시간: 0.003 s, 동기화시간: 0.048 s, 전체시간: 0.155 s; 동기화 파일 개수: 2, 최장시간: 0.027 s, 평균시간: 0.024 s; 실제작업량: 0 kB, 예상한작업량: 0 kB
2025-11-23 01:50:14.906 KST [67496] 치명적오류:  사용자 "dan"의 password 인증을 실패했습니다
2025-11-23 01:50:14.906 KST [67496] 상세정보:  "dan" 롤 없음
	pg_hba.conf 파일의 89번째 줄에 지정한 인증 설정이 사용됨: "host    all             all             ::1/128                 scram-sha-256"
2025-11-23 01:50:31.000 KST [63620] 치명적오류:  사용자 "dan"의 password 인증을 실패했습니다
2025-11-23 01:50:31.000 KST [63620] 상세정보:  "dan" 롤 없음
	pg_hba.conf 파일의 89번째 줄에 지정한 인증 설정이 사용됨: "host    all             all             ::1/128                 scram-sha-256"
2025-11-23 02:00:53.824 KST [1452] 오류:  사용자 요청에 의해 작업을 취소합니다.
2025-11-23 02:00:53.903 KST [66240] 로그:  서비스를 멈추고 있습니다
2025-11-23 02:00:53.940 KST [66240] 로그:  체크포인트 시작: shutdown immediate
2025-11-23 02:00:54.291 KST [66240] 로그:  채크포인트 작업완료: 0개(0.0%) 버퍼 씀; 0개 WAL 파일 추가됨, 0개 지웠음, 0개 재활용; 쓰기시간: 0.002 s, 동기화시간: 0.001 s, 전체시간: 0.389 s; 동기화 파일 개수: 0, 최장시간: 0.000 s, 평균시간: 0.000 s; 실제작업량: 0 kB, 예상한작업량: 0 kB
