2025-11-23 19:29:09.624 KST [40148] 로그:  PostgreSQL 15.7, compiled by Visual C++ build 1938, 64-bit 서버를 시작합니다.
2025-11-23 19:29:09.627 KST [40148] 로그:  IPv6, 주소: "::", 포트 5432 번으로 접속을 허용합니다
2025-11-23 19:29:09.627 KST [40148] 로그:  IPv4, 주소: "0.0.0.0", 포트 5432 번으로 접속을 허용합니다
2025-11-23 19:29:09.932 KST [19344] 로그:  데이터베이스 시스템이 비정상적으로 종료되었음; 마지막 운영시간: 2025-11-23 03:09:34 KST
2025-11-23 19:29:17.689 KST [19344] 로그:  "./postgres.log" 파일을 열 수 없음: 공유 위반
2025-11-23 19:29:17.689 KST [19344] 상세정보:  30초 동안 계속해서 다시 시도합니다.
2025-11-23 19:29:17.689 KST [19344] 힌트:  바이러스 백신 프로그램, 백업 또는 유사한 소프트웨어가 데이터베이스 시스템을 방해할 수 있습니다.
2025-11-23 19:29:44.220 KST [19344] 로그:  데이터 디렉터리 동기화(fsync), 소요 시간: 34.28 s, 현재 경로: ./postgresql.auto.conf
2025-11-23 19:29:44.670 KST [19344] 로그:  데이터베이스 시스템이 정상적으로 종료되지 못했습니다, 자동 복구 작업을 진행합니다
2025-11-23 19:29:44.765 KST [19344] 로그:  0/1A47310에서 redo 작업 시작됨
2025-11-23 19:29:44.766 KST [19344] 로그:  잘못된 레코드 길이: 0/1A473F8, 기대값 24, 실재값 0
2025-11-23 19:29:44.766 KST [19344] 로그:  0/1A473C0에서 redo 작업 완료, 시스템 사용량: CPU: user: 0.00 s, system: 0.01 s, elapsed: 0.01 s
2025-11-23 19:29:44.821 KST [44648] 로그:  체크포인트 시작: end-of-recovery immediate wait
2025-11-23 19:29:45.019 KST [44648] 로그:  채크포인트 작업완료: 3개(0.0%) 버퍼 씀; 0개 WAL 파일 추가됨, 0개 지웠음, 0개 재활용; 쓰기시간: 0.004 s, 동기화시간: 0.071 s, 전체시간: 0.242 s; 동기화 파일 개수: 2, 최장시간: 0.045 s, 평균시간: 0.035 s; 실제작업량: 0 kB, 예상한작업량: 0 kB
2025-11-23 19:29:45.145 KST [40148] 로그:  이제 데이터베이스 서버로 접속할 수 있습니다
2025-11-23 19:30:38.564 KST [40148] 로그:  fast 중지 요청을 받았습니다.
2025-11-23 19:30:38.571 KST [37704] 오류:  사용자 요청에 의해 작업을 취소합니다.
2025-11-23 19:30:38.577 KST [25688] 오류:  사용자 요청에 의해 작업을 취소합니다.
2025-11-23 19:30:38.823 KST [40148] 로그:  모든 활성화 되어있는 트랜잭션을 중지하고 있습니다.
2025-11-23 19:30:38.824 KST [40148] 로그:  백그라운드 작업자 "logical replication launcher" (PID 37704) 프로그램은 1 코드로 마쳤습니다
2025-11-23 19:30:38.829 KST [44648] 로그:  서비스를 멈추고 있습니다
2025-11-23 19:30:38.857 KST [44648] 로그:  체크포인트 시작: shutdown immediate
2025-11-23 19:30:39.016 KST [44648] 로그:  채크포인트 작업완료: 1개(0.0%) 버퍼 씀; 0개 WAL 파일 추가됨, 0개 지웠음, 0개 재활용; 쓰기시간: 0.008 s, 동기화시간: 0.021 s, 전체시간: 0.187 s; 동기화 파일 개수: 1, 최장시간: 0.020 s, 평균시간: 0.020 s; 실제작업량: 0 kB, 예상한작업량: 0 kB
2025-11-23 19:30:39.051 KST [40148] 로그:  데이터베이스 시스템 서비스를 중지했습니다
