2025-11-23 01:08:29.212 KST [62836] 로그:  데이터베이스 시스템 마지막 가동 중지 시각: 2025-11-23 00:57:40 KST
2025-11-23 01:08:48.292 KST [63860] 치명적오류:  사용자 "dan"의 password 인증을 실패했습니다
2025-11-23 01:08:48.292 KST [63860] 상세정보:  "dan" 롤 없음
	pg_hba.conf 파일의 89번째 줄에 지정한 인증 설정이 사용됨: "host    all             all             ::1/128                 scram-sha-256"
2025-11-23 01:11:31.054 KST [63304] 치명적오류:  사용자 "dan"의 password 인증을 실패했습니다
2025-11-23 01:11:31.054 KST [63304] 상세정보:  "dan" 롤 없음
	pg_hba.conf 파일의 89번째 줄에 지정한 인증 설정이 사용됨: "host    all             all             ::1/128                 scram-sha-256"
2025-11-23 01:11:41.473 KST [61308] 치명적오류:  사용자 "dan"의 password 인증을 실패했습니다
2025-11-23 01:11:41.473 KST [61308] 상세정보:  "dan" 롤 없음
	pg_hba.conf 파일의 89번째 줄에 지정한 인증 설정이 사용됨: "host    all             all             ::1/128                 scram-sha-256"
2025-11-23 01:12:17.531 KST [49192] 치명적오류:  사용자 "dan"의 password 인증을 실패했습니다
2025-11-23 01:12:17.531 KST [49192] 상세정보:  "dan" 롤 없음
	pg_hba.conf 파일의 89번째 줄에 지정한 인증 설정이 사용됨: "host    all             all             ::1/128                 scram-sha-256"
2025-11-23 01:12:18.087 KST [64304] 치명적오류:  사용자 "dan"의 password 인증을 실패했습니다
2025-11-23 01:12:18.087 KST [64304] 상세정보:  "dan" 롤 없음
	pg_hba.conf 파일의 89번째 줄에 지정한 인증 설정이 사용됨: "host    all             all             ::1/128                 scram-sha-256"
2025-11-23 01:12:18.445 KST [64240] 치명적오류:  사용자 "dan"의 password 인증을 실패했습니다
2025-11-23 01:12:18.445 KST [64240] 상세정보:  "dan" 롤 없음
	pg_hba.conf 파일의 89번째 줄에 지정한 인증 설정이 사용됨: "host    all             all             ::1/128                 scram-sha-256"
2025-11-23 01:12:18.723 KST [57852] 치명적오류:  사용자 "dan"의 password 인증을 실패했습니다
2025-11-23 01:12:18.723 KST [57852] 상세정보:  "dan" 롤 없음
	pg_hba.conf 파일의 89번째 줄에 지정한 인증 설정이 사용됨: "host    all             all             ::1/128                 scram-sha-256"
2025-11-23 01:13:08.972 KST [56132] 로그:  서비스를 멈추고 있습니다
2025-11-23 01:13:08.993 KST [56132] 로그:  체크포인트 시작: shutdown immediate
2025-11-23 01:13:09.161 KST [56132] 로그:  채크포인트 작업완료: 3개(0.0%) 버퍼 씀; 0개 WAL 파일 추가됨, 0개 지웠음, 0개 재활용; 쓰기시간: 0.003 s, 동기화시간: 0.047 s, 전체시간: 0.189 s; 동기화 파일 개수: 2, 최장시간: 0.027 s, 평균시간: 0.024 s; 실제작업량: 0 kB, 예상한작업량: 0 kB
