2025-11-23 02:01:31.534 KST [6852] 로그:  데이터베이스 시스템 마지막 가동 중지 시각: 2025-11-23 02:00:54 KST
2025-11-23 02:06:31.481 KST [9208] 로그:  체크포인트 시작: time
2025-11-23 02:06:31.733 KST [9208] 로그:  채크포인트 작업완료: 3개(0.0%) 버퍼 씀; 0개 WAL 파일 추가됨, 0개 지웠음, 0개 재활용; 쓰기시간: 0.037 s, 동기화시간: 0.080 s, 전체시간: 0.256 s; 동기화 파일 개수: 2, 최장시간: 0.043 s, 평균시간: 0.040 s; 실제작업량: 0 kB, 예상한작업량: 0 kB
2025-11-23 02:28:34.136 KST [20244] 치명적오류:  사용자 "dan"의 password 인증을 실패했습니다
2025-11-23 02:28:34.136 KST [20244] 상세정보:  "dan" 롤 없음
	pg_hba.conf 파일의 89번째 줄에 지정한 인증 설정이 사용됨: "host    all             all             ::1/128                 scram-sha-256"
2025-11-23 02:28:41.621 KST [22000] 치명적오류:  사용자 "dan"의 password 인증을 실패했습니다
2025-11-23 02:28:41.621 KST [22000] 상세정보:  "dan" 롤 없음
	pg_hba.conf 파일의 89번째 줄에 지정한 인증 설정이 사용됨: "host    all             all             ::1/128                 scram-sha-256"
2025-11-23 02:30:00.906 KST [25812] 치명적오류:  사용자 "dan"의 password 인증을 실패했습니다
2025-11-23 02:30:00.906 KST [25812] 상세정보:  "dan" 롤 없음
	pg_hba.conf 파일의 89번째 줄에 지정한 인증 설정이 사용됨: "host    all             all             ::1/128                 scram-sha-256"
2025-11-23 02:30:38.159 KST [13996] 치명적오류:  사용자 "dan"의 password 인증을 실패했습니다
2025-11-23 02:30:38.159 KST [13996] 상세정보:  "dan" 롤 없음
	pg_hba.conf 파일의 89번째 줄에 지정한 인증 설정이 사용됨: "host    all             all             ::1/128                 scram-sha-256"
2025-11-23 02:30:44.197 KST [26076] 치명적오류:  사용자 "dan"의 password 인증을 실패했습니다
2025-11-23 02:30:44.197 KST [26076] 상세정보:  "dan" 롤 없음
	pg_hba.conf 파일의 89번째 줄에 지정한 인증 설정이 사용됨: "host    all             all             ::1/128                 scram-sha-256"
2025-11-23 02:30:55.636 KST [26120] 치명적오류:  사용자 "dan"의 password 인증을 실패했습니다
2025-11-23 02:30:55.636 KST [26120] 상세정보:  "dan" 롤 없음
	pg_hba.conf 파일의 89번째 줄에 지정한 인증 설정이 사용됨: "host    all             all             ::1/128                 scram-sha-256"
2025-11-23 02:31:11.644 KST [26096] 치명적오류:  사용자 "postgres"의 password 인증을 실패했습니다
2025-11-23 02:31:11.644 KST [26096] 상세정보:  pg_hba.conf 파일의 89번째 줄에 지정한 인증 설정이 사용됨: "host    all             all             ::1/128                 scram-sha-256"
2025-11-23 02:31:53.745 KST [24852] 치명적오류:  사용자 "dan"의 password 인증을 실패했습니다
2025-11-23 02:31:53.745 KST [24852] 상세정보:  "dan" 롤 없음
	pg_hba.conf 파일의 89번째 줄에 지정한 인증 설정이 사용됨: "host    all             all             ::1/128                 scram-sha-256"
2025-11-23 02:32:13.315 KST [27228] 치명적오류:  사용자 "dan"의 password 인증을 실패했습니다
2025-11-23 02:32:13.315 KST [27228] 상세정보:  "dan" 롤 없음
	pg_hba.conf 파일의 89번째 줄에 지정한 인증 설정이 사용됨: "host    all             all             ::1/128                 scram-sha-256"
2025-11-23 02:33:32.428 KST [25944] 치명적오류:  사용자 "dan"의 password 인증을 실패했습니다
2025-11-23 02:33:32.428 KST [25944] 상세정보:  "dan" 롤 없음
	pg_hba.conf 파일의 89번째 줄에 지정한 인증 설정이 사용됨: "host    all             all             ::1/128                 scram-sha-256"
2025-11-23 02:34:00.653 KST [27900] 치명적오류:  사용자 "dan"의 password 인증을 실패했습니다
2025-11-23 02:34:00.653 KST [27900] 상세정보:  "dan" 롤 없음
	pg_hba.conf 파일의 89번째 줄에 지정한 인증 설정이 사용됨: "host    all             all             ::1/128                 scram-sha-256"
2025-11-23 02:34:01.218 KST [28428] 치명적오류:  사용자 "dan"의 password 인증을 실패했습니다
2025-11-23 02:34:01.218 KST [28428] 상세정보:  "dan" 롤 없음
	pg_hba.conf 파일의 89번째 줄에 지정한 인증 설정이 사용됨: "host    all             all             ::1/128                 scram-sha-256"
2025-11-23 02:34:01.778 KST [11868] 치명적오류:  사용자 "dan"의 password 인증을 실패했습니다
2025-11-23 02:34:01.778 KST [11868] 상세정보:  "dan" 롤 없음
	pg_hba.conf 파일의 89번째 줄에 지정한 인증 설정이 사용됨: "host    all             all             ::1/128                 scram-sha-256"
2025-11-23 02:35:51.778 KST [9208] 로그:  서비스를 멈추고 있습니다
2025-11-23 02:35:51.807 KST [9208] 로그:  체크포인트 시작: shutdown immediate
2025-11-23 02:35:51.940 KST [9208] 로그:  채크포인트 작업완료: 0개(0.0%) 버퍼 씀; 0개 WAL 파일 추가됨, 0개 지웠음, 0개 재활용; 쓰기시간: 0.001 s, 동기화시간: 0.001 s, 전체시간: 0.163 s; 동기화 파일 개수: 0, 최장시간: 0.000 s, 평균시간: 0.000 s; 실제작업량: 0 kB, 예상한작업량: 0 kB
