2025-11-23 02:54:14.602 KST [27856] 로그:  PostgreSQL 15.7, compiled by Visual C++ build 1938, 64-bit 서버를 시작합니다.
2025-11-23 02:54:14.607 KST [27856] 로그:  IPv6, 주소: "::", 포트 5432 번으로 접속을 허용합니다
2025-11-23 02:54:14.608 KST [27856] 로그:  IPv4, 주소: "0.0.0.0", 포트 5432 번으로 접속을 허용합니다
2025-11-23 02:54:14.865 KST [22808] 로그:  데이터베이스 시스템이 비정상적으로 종료되었음; 마지막 운영시간: 2025-11-23 02:47:14 KST
2025-11-23 02:54:16.345 KST [22808] 로그:  데이터베이스 시스템이 정상적으로 종료되지 못했습니다, 자동 복구 작업을 진행합니다
2025-11-23 02:54:16.375 KST [22808] 로그:  0/1560738에서 redo 작업 시작됨
2025-11-23 02:54:16.375 KST [22808] 로그:  잘못된 레코드 길이: 0/1560770, 기대값 24, 실재값 0
2025-11-23 02:54:16.375 KST [22808] 로그:  0/1560738에서 redo 작업 완료, 시스템 사용량: CPU: user: 0.00 s, system: 0.00 s, elapsed: 0.00 s
2025-11-23 02:54:16.426 KST [29360] 로그:  체크포인트 시작: end-of-recovery immediate wait
2025-11-23 02:54:16.598 KST [29360] 로그:  채크포인트 작업완료: 3개(0.0%) 버퍼 씀; 0개 WAL 파일 추가됨, 0개 지웠음, 0개 재활용; 쓰기시간: 0.004 s, 동기화시간: 0.054 s, 전체시간: 0.220 s; 동기화 파일 개수: 2, 최장시간: 0.034 s, 평균시간: 0.027 s; 실제작업량: 0 kB, 예상한작업량: 0 kB
2025-11-23 02:54:16.708 KST [27856] 로그:  이제 데이터베이스 서버로 접속할 수 있습니다
2025-11-23 02:54:18.475 KST [26368] 치명적오류:  "dan" 롤(role) 없음
2025-11-23 02:54:20.530 KST [25948] 치명적오류:  "dan" 롤(role) 없음
2025-11-23 02:54:22.444 KST [8876] 치명적오류:  "dan" 롤(role) 없음
2025-11-23 02:54:45.700 KST [27236] 치명적오류:  "dan" 롤(role) 없음
2025-11-23 02:54:47.531 KST [22244] 치명적오류:  "dan" 롤(role) 없음
2025-11-23 02:55:13.759 KST [22340] 치명적오류:  "dan" 롤(role) 없음
2025-11-23 02:55:24.402 KST [27476] 치명적오류:  "dan" 롤(role) 없음
2025-11-23 02:55:31.903 KST [28600] 치명적오류:  "dan" 롤(role) 없음
2025-11-23 02:59:16.613 KST [29360] 로그:  체크포인트 시작: time
2025-11-23 03:01:05.006 KST [29360] 로그:  채크포인트 작업완료: 934개(5.7%) 버퍼 씀; 0개 WAL 파일 추가됨, 0개 지웠음, 0개 재활용; 쓰기시간: 101.098 s, 동기화시간: 6.551 s, 전체시간: 108.393 s; 동기화 파일 개수: 307, 최장시간: 0.098 s, 평균시간: 0.022 s; 실제작업량: 4228 kB, 예상한작업량: 4228 kB
2025-11-23 03:09:16.038 KST [29360] 로그:  체크포인트 시작: time
2025-11-23 03:09:34.162 KST [29360] 로그:  채크포인트 작업완료: 156개(1.0%) 버퍼 씀; 0개 WAL 파일 추가됨, 0개 지웠음, 0개 재활용; 쓰기시간: 16.475 s, 동기화시간: 1.478 s, 전체시간: 18.124 s; 동기화 파일 개수: 149, 최장시간: 0.035 s, 평균시간: 0.010 s; 실제작업량: 789 kB, 예상한작업량: 3885 kB
2025-11-23 03:47:03.440 KST [27856] 로그:  백그라운드 작업자 "logical replication launcher" (PID 3340) 프로세스가 0xC000013A 예외로 인해 종료됨
2025-11-23 03:47:03.440 KST [27856] 힌트:  16진수 값에 대한 설명은 C 포함 파일 "ntstatus.h"를 참조하십시오.
2025-11-23 03:47:03.440 KST [27856] 로그:  다른 활성화 되어있는 서버 프로세스를 마치고 있는 중입니다
2025-11-23 03:47:03.455 KST [27856] 로그:  모든 서버 프로세스가 중지 되었습니다; 재 초기화 중
