2025-11-23 00:05:47.387 KST [55892] 로그:  데이터베이스 시스템 마지막 가동 중지 시각: 2025-11-23 00:05:27 KST
2025-11-23 00:10:47.363 KST [55856] 로그:  체크포인트 시작: time
2025-11-23 00:10:55.915 KST [55856] 로그:  채크포인트 작업완료: 73개(0.4%) 버퍼 씀; 0개 WAL 파일 추가됨, 0개 지웠음, 0개 재활용; 쓰기시간: 7.472 s, 동기화시간: 0.699 s, 전체시간: 8.557 s; 동기화 파일 개수: 31, 최장시간: 0.034 s, 평균시간: 0.023 s; 실제작업량: 394 kB, 예상한작업량: 394 kB
2025-11-23 00:23:46.470 KST [57548] 치명적오류:  사용자 "postgres"의 password 인증을 실패했습니다
2025-11-23 00:23:46.470 KST [57548] 상세정보:  pg_hba.conf 파일의 89번째 줄에 지정한 인증 설정이 사용됨: "host    all             all             ::1/128                 scram-sha-256"
2025-11-23 00:29:16.804 KST [57816] 치명적오류:  사용자 "dan"의 password 인증을 실패했습니다
2025-11-23 00:29:16.804 KST [57816] 상세정보:  "dan" 롤 없음
	pg_hba.conf 파일의 89번째 줄에 지정한 인증 설정이 사용됨: "host    all             all             ::1/128                 scram-sha-256"
2025-11-23 00:34:46.020 KST [57888] 치명적오류:  사용자 "dan"의 password 인증을 실패했습니다
2025-11-23 00:34:46.020 KST [57888] 상세정보:  "dan" 롤 없음
	pg_hba.conf 파일의 89번째 줄에 지정한 인증 설정이 사용됨: "host    all             all             ::1/128                 scram-sha-256"
2025-11-23 00:35:25.760 KST [58900] 치명적오류:  사용자 "dan"의 password 인증을 실패했습니다
2025-11-23 00:35:25.760 KST [58900] 상세정보:  "dan" 롤 없음
	pg_hba.conf 파일의 89번째 줄에 지정한 인증 설정이 사용됨: "host    all             all             ::1/128                 scram-sha-256"
2025-11-23 00:35:59.044 KST [34112] 치명적오류:  사용자 "dan"의 password 인증을 실패했습니다
2025-11-23 00:35:59.044 KST [34112] 상세정보:  "dan" 롤 없음
	pg_hba.conf 파일의 89번째 줄에 지정한 인증 설정이 사용됨: "host    all             all             ::1/128                 scram-sha-256"
2025-11-23 00:36:22.429 KST [60016] 치명적오류:  사용자 "dan"의 password 인증을 실패했습니다
2025-11-23 00:36:22.429 KST [60016] 상세정보:  "dan" 롤 없음
	pg_hba.conf 파일의 89번째 줄에 지정한 인증 설정이 사용됨: "host    all             all             ::1/128                 scram-sha-256"
2025-11-23 00:36:32.864 KST [55884] 치명적오류:  사용자 "dan"의 password 인증을 실패했습니다
2025-11-23 00:36:32.864 KST [55884] 상세정보:  "dan" 롤 없음
	pg_hba.conf 파일의 89번째 줄에 지정한 인증 설정이 사용됨: "host    all             all             ::1/128                 scram-sha-256"
2025-11-23 00:36:43.186 KST [58008] 치명적오류:  사용자 "dan"의 password 인증을 실패했습니다
2025-11-23 00:36:43.186 KST [58008] 상세정보:  "dan" 롤 없음
	pg_hba.conf 파일의 89번째 줄에 지정한 인증 설정이 사용됨: "host    all             all             ::1/128                 scram-sha-256"
2025-11-23 00:36:56.949 KST [51924] 치명적오류:  사용자 "dan"의 password 인증을 실패했습니다
2025-11-23 00:36:56.949 KST [51924] 상세정보:  "dan" 롤 없음
	pg_hba.conf 파일의 89번째 줄에 지정한 인증 설정이 사용됨: "host    all             all             ::1/128                 scram-sha-256"
2025-11-23 00:37:17.955 KST [59132] 치명적오류:  사용자 "dan"의 password 인증을 실패했습니다
2025-11-23 00:37:17.955 KST [59132] 상세정보:  "dan" 롤 없음
	pg_hba.conf 파일의 89번째 줄에 지정한 인증 설정이 사용됨: "host    all             all             ::1/128                 scram-sha-256"
2025-11-23 00:37:40.223 KST [58464] 치명적오류:  사용자 "dan"의 password 인증을 실패했습니다
2025-11-23 00:37:40.223 KST [58464] 상세정보:  "dan" 롤 없음
	pg_hba.conf 파일의 89번째 줄에 지정한 인증 설정이 사용됨: "host    all             all             ::1/128                 scram-sha-256"
2025-11-23 00:49:26.827 KST [61760] 치명적오류:  사용자 "dan"의 password 인증을 실패했습니다
2025-11-23 00:49:26.827 KST [61760] 상세정보:  "dan" 롤 없음
	pg_hba.conf 파일의 89번째 줄에 지정한 인증 설정이 사용됨: "host    all             all             ::1/128                 scram-sha-256"
2025-11-23 00:49:27.022 KST [55128] 치명적오류:  사용자 "dan"의 password 인증을 실패했습니다
2025-11-23 00:49:27.022 KST [55128] 상세정보:  "dan" 롤 없음
	pg_hba.conf 파일의 89번째 줄에 지정한 인증 설정이 사용됨: "host    all             all             ::1/128                 scram-sha-256"
2025-11-23 00:53:15.835 KST [62108] 치명적오류:  사용자 "dan"의 password 인증을 실패했습니다
2025-11-23 00:53:15.835 KST [62108] 상세정보:  "dan" 롤 없음
	pg_hba.conf 파일의 89번째 줄에 지정한 인증 설정이 사용됨: "host    all             all             ::1/128                 scram-sha-256"
2025-11-23 00:53:15.998 KST [59824] 치명적오류:  사용자 "dan"의 password 인증을 실패했습니다
2025-11-23 00:53:15.998 KST [59824] 상세정보:  "dan" 롤 없음
	pg_hba.conf 파일의 89번째 줄에 지정한 인증 설정이 사용됨: "host    all             all             ::1/128                 scram-sha-256"
2025-11-23 00:54:17.841 KST [57148] 치명적오류:  사용자 "dan"의 password 인증을 실패했습니다
2025-11-23 00:54:17.841 KST [57148] 상세정보:  "dan" 롤 없음
	pg_hba.conf 파일의 89번째 줄에 지정한 인증 설정이 사용됨: "host    all             all             ::1/128                 scram-sha-256"
2025-11-23 00:54:32.392 KST [59456] 치명적오류:  사용자 "dan"의 password 인증을 실패했습니다
2025-11-23 00:54:32.392 KST [59456] 상세정보:  "dan" 롤 없음
	pg_hba.conf 파일의 89번째 줄에 지정한 인증 설정이 사용됨: "host    all             all             ::1/128                 scram-sha-256"
2025-11-23 00:54:39.516 KST [62040] 치명적오류:  사용자 "dan"의 password 인증을 실패했습니다
2025-11-23 00:54:39.516 KST [62040] 상세정보:  "dan" 롤 없음
	pg_hba.conf 파일의 89번째 줄에 지정한 인증 설정이 사용됨: "host    all             all             ::1/128                 scram-sha-256"
2025-11-23 00:55:13.384 KST [58432] 치명적오류:  사용자 "dan"의 password 인증을 실패했습니다
2025-11-23 00:55:13.384 KST [58432] 상세정보:  "dan" 롤 없음
	pg_hba.conf 파일의 89번째 줄에 지정한 인증 설정이 사용됨: "host    all             all             ::1/128                 scram-sha-256"
2025-11-23 00:55:22.410 KST [58376] 치명적오류:  사용자 "dan"의 password 인증을 실패했습니다
2025-11-23 00:55:22.410 KST [58376] 상세정보:  "dan" 롤 없음
	pg_hba.conf 파일의 89번째 줄에 지정한 인증 설정이 사용됨: "host    all             all             ::1/128                 scram-sha-256"
2025-11-23 00:55:22.570 KST [59844] 치명적오류:  사용자 "dan"의 password 인증을 실패했습니다
2025-11-23 00:55:22.570 KST [59844] 상세정보:  "dan" 롤 없음
	pg_hba.conf 파일의 89번째 줄에 지정한 인증 설정이 사용됨: "host    all             all             ::1/128                 scram-sha-256"
2025-11-23 00:55:22.735 KST [62296] 치명적오류:  사용자 "dan"의 password 인증을 실패했습니다
2025-11-23 00:55:22.735 KST [62296] 상세정보:  "dan" 롤 없음
	pg_hba.conf 파일의 89번째 줄에 지정한 인증 설정이 사용됨: "host    all             all             ::1/128                 scram-sha-256"
2025-11-23 00:55:22.913 KST [62056] 치명적오류:  사용자 "dan"의 password 인증을 실패했습니다
2025-11-23 00:55:22.913 KST [62056] 상세정보:  "dan" 롤 없음
	pg_hba.conf 파일의 89번째 줄에 지정한 인증 설정이 사용됨: "host    all             all             ::1/128                 scram-sha-256"
2025-11-23 00:55:23.102 KST [59796] 치명적오류:  사용자 "dan"의 password 인증을 실패했습니다
2025-11-23 00:55:23.102 KST [59796] 상세정보:  "dan" 롤 없음
	pg_hba.conf 파일의 89번째 줄에 지정한 인증 설정이 사용됨: "host    all             all             ::1/128                 scram-sha-256"
2025-11-23 00:57:39.489 KST [55856] 로그:  서비스를 멈추고 있습니다
2025-11-23 00:57:40.592 KST [55856] 로그:  체크포인트 시작: shutdown immediate
2025-11-23 00:57:40.697 KST [55856] 로그:  채크포인트 작업완료: 0개(0.0%) 버퍼 씀; 0개 WAL 파일 추가됨, 0개 지웠음, 0개 재활용; 쓰기시간: 0.001 s, 동기화시간: 0.001 s, 전체시간: 1.208 s; 동기화 파일 개수: 0, 최장시간: 0.000 s, 평균시간: 0.000 s; 실제작업량: 0 kB, 예상한작업량: 354 kB
